<?xml version="1.0" encoding="UTF-8"?><testsuite errors="0" failures="0" name="com.virgingames.vergingamesinfo.VirginGamesTest" skipped="0" tests="3" time="7.23" timestamp="2023-06-16T14:43:35.040+01:00[Europe/London]"><testcase classname="com.virgingames.vergingamesinfo.VirginGamesTest" name="This Method will get all Jackpot information"/><testcase classname="com.virgingames.vergingamesinfo.VirginGamesTest" name="This method will verify if currency is equal to GBP"/><testcase classname="com.virgingames.vergingamesinfo.VirginGamesTest" name="This method will verify jackpot Id = Bingo"/></testsuite>